<?xml version="1.0" encoding="UTF-8"?>
<!-- Generated by org.testng.reporters.JUnitReportReporter -->
<testsuite skipped="0" hostname="Nividous" name="com.test.qa.testcases.HomePageTest" tests="2" failures="0" timestamp="28 Sep 2018 11:11:35 GMT" time="69.115" errors="0">
  <testcase name="VerifyHomePageTitleTest" time="24.872" classname="com.test.qa.testcases.HomePageTest"/>
  <testcase name="VerifyComposeLinkTest" time="44.243" classname="com.test.qa.testcases.HomePageTest"/>
</testsuite> <!-- com.test.qa.testcases.HomePageTest -->
