<?xml version="1.0" encoding="UTF-8"?>
<!-- Generated by org.testng.reporters.JUnitReportReporter -->
<testsuite skipped="0" hostname="Nividous" name="com.test.qa.testcases.LoginPageTest" tests="2" failures="0" timestamp="28 Sep 2018 14:59:36 GMT" time="27.441" errors="0">
  <testcase name="loginPageTitleTest" time="13.287" classname="com.test.qa.testcases.LoginPageTest"/>
  <testcase name="loginTest" time="14.154" classname="com.test.qa.testcases.LoginPageTest"/>
</testsuite> <!-- com.test.qa.testcases.LoginPageTest -->
