<?xml version="1.0" encoding="UTF-8"?>
<!-- Generated by org.testng.reporters.JUnitReportReporter -->
<testsuite skipped="0" hostname="Nividous" name="com.test.qa.testcases.NewMessagePageTest" tests="1" failures="0" timestamp="28 Sep 2018 13:38:34 GMT" time="35.144" errors="0">
  <testcase name="VerifyNewMessagePageTitleTest" time="35.144" classname="com.test.qa.testcases.NewMessagePageTest"/>
</testsuite> <!-- com.test.qa.testcases.NewMessagePageTest -->
